<?xml version="1.0" encoding="UTF-8"?>
<!-- Generated by org.testng.reporters.JUnitXMLReporter -->
<testsuite ignored="0" hostname="DESKTOP-BQHJTHB" failures="0" tests="6" name="Default test" time="0.104" errors="0" timestamp="2022-01-02T20:21:30 PST">
  <testcase classname="eptesting.Maven.RESTAPITest" name="deleteTwitter" time="0.013"/>
  <testcase classname="eptesting.Maven.RESTAPITest" name="postJira" time="0.002"/>
  <testcase classname="eptesting.Maven.AppiumTest" name="IOSApps" time="0.002"/>
  <testcase classname="eptesting.Maven.AppiumTest" name="NativeAppAndroid" time="0.002"/>
  <testcase classname="eptesting.Maven.SeleniumTest" name="browserAutomation" time="0.004"/>
  <testcase classname="eptesting.Maven.SeleniumTest" name="elementUi" time="0.003"/>
</testsuite> <!-- Default test -->
