<?xml version="1.0" encoding="UTF-8"?>
<!-- Generated by org.testng.reporters.JUnitXMLReporter -->
<testsuite ignored="0" hostname="DESKTOP-BQHJTHB" failures="0" tests="6" name="Test" time="0.102" errors="0" timestamp="2022-01-08T22:28:40 PST">
  <testcase classname="eptesting.Maven.SeleniumTest" name="browserAutomation" time="0.014"/>
  <testcase classname="eptesting.Maven.SeleniumTest" name="elementUi" time="0.001"/>
  <testcase classname="eptesting.Maven.AppiumTest" name="IOSApps" time="0.003"/>
  <testcase classname="eptesting.Maven.AppiumTest" name="NativeAppAndroid" time="0.002"/>
  <testcase classname="eptesting.Maven.RESTAPITest" name="deleteTwitter" time="0.003"/>
  <testcase classname="eptesting.Maven.RESTAPITest" name="postJira" time="0.001"/>
</testsuite> <!-- Test -->
