<?xml version="1.0" encoding="UTF-8"?>
<!-- Generated by org.testng.reporters.JUnitXMLReporter -->
<testsuite hostname="DESKTOP-BQHJTHB" ignored="0" name="Test" tests="6" failures="0" timestamp="2022-01-06T18:54:26 PST" time="0.056" errors="0">
  <testcase name="browserAutomation" time="0.012" classname="eptesting.Maven.SeleniumTest"/>
  <testcase name="elementUi" time="0.001" classname="eptesting.Maven.SeleniumTest"/>
  <testcase name="IOSApps" time="0.0" classname="eptesting.Maven.AppiumTest"/>
  <testcase name="NativeAppAndroid" time="0.0" classname="eptesting.Maven.AppiumTest"/>
  <testcase name="deleteTwitter" time="0.0" classname="eptesting.Maven.RESTAPITest"/>
  <testcase name="postJira" time="0.0" classname="eptesting.Maven.RESTAPITest"/>
</testsuite> <!-- Test -->
