<?xml version="1.0" encoding="UTF-8"?>
<testng-results skipped="0" failed="0" ignored="0" total="6" passed="6">
  <reporter-output>
  </reporter-output>
  <suite name="Suite" duration-ms="56" started-at="2022-01-06T18:54:26 PST" finished-at="2022-01-06T18:54:26 PST">
    <groups>
    </groups>
    <test name="Test" duration-ms="56" started-at="2022-01-06T18:54:26 PST" finished-at="2022-01-06T18:54:26 PST">
      <class name="eptesting.Maven.RESTAPITest">
        <test-method status="PASS" signature="deleteTwitter()[pri:0, instance:eptesting.Maven.RESTAPITest@15d0c81b]" name="deleteTwitter" duration-ms="0" started-at="2022-01-06T18:54:26 PST" finished-at="2022-01-06T18:54:26 PST">
          <reporter-output>
          </reporter-output>
        </test-method> <!-- deleteTwitter -->
        <test-method status="PASS" signature="postJira()[pri:0, instance:eptesting.Maven.RESTAPITest@15d0c81b]" name="postJira" duration-ms="0" started-at="2022-01-06T18:54:26 PST" finished-at="2022-01-06T18:54:26 PST">
          <reporter-output>
          </reporter-output>
        </test-method> <!-- postJira -->
      </class> <!-- eptesting.Maven.RESTAPITest -->
      <class name="eptesting.Maven.AppiumTest">
        <test-method status="PASS" signature="IOSApps()[pri:0, instance:eptesting.Maven.AppiumTest@74650e52]" name="IOSApps" duration-ms="0" started-at="2022-01-06T18:54:26 PST" finished-at="2022-01-06T18:54:26 PST">
          <reporter-output>
          </reporter-output>
        </test-method> <!-- IOSApps -->
        <test-method status="PASS" signature="NativeAppAndroid()[pri:0, instance:eptesting.Maven.AppiumTest@74650e52]" name="NativeAppAndroid" duration-ms="0" started-at="2022-01-06T18:54:26 PST" finished-at="2022-01-06T18:54:26 PST">
          <reporter-output>
          </reporter-output>
        </test-method> <!-- NativeAppAndroid -->
      </class> <!-- eptesting.Maven.AppiumTest -->
      <class name="eptesting.Maven.SeleniumTest">
        <test-method status="PASS" signature="browserAutomation()[pri:0, instance:eptesting.Maven.SeleniumTest@1f7030a6]" name="browserAutomation" duration-ms="12" started-at="2022-01-06T18:54:26 PST" finished-at="2022-01-06T18:54:26 PST">
          <reporter-output>
          </reporter-output>
        </test-method> <!-- browserAutomation -->
        <test-method status="PASS" signature="elementUi()[pri:0, instance:eptesting.Maven.SeleniumTest@1f7030a6]" name="elementUi" duration-ms="1" started-at="2022-01-06T18:54:26 PST" finished-at="2022-01-06T18:54:26 PST">
          <reporter-output>
          </reporter-output>
        </test-method> <!-- elementUi -->
      </class> <!-- eptesting.Maven.SeleniumTest -->
    </test> <!-- Test -->
  </suite> <!-- Suite -->
</testng-results>
